\BOOKMARK [-1][-]{part.1}{Algebraic number theory I}{}% 1
\BOOKMARK [0][-]{chapter.1}{Small prefix}{part.1}% 2
\BOOKMARK [1][-]{section.1.1}{Motivation}{chapter.1}% 3
\BOOKMARK [1][-]{section.1.2}{The ring Z[]}{chapter.1}% 4
\BOOKMARK [1][-]{section.1.3}{First case of Fermat in case of Z[] is a UFD \(unique factorization domain\)}{chapter.1}% 5
\BOOKMARK [0][-]{chapter.2}{Ring of integers}{part.1}% 6
\BOOKMARK [1][-]{section.2.1}{Integral ring extensions}{chapter.2}% 7
\BOOKMARK [1][-]{section.2.2}{Integral closures in field extensions}{chapter.2}% 8
\BOOKMARK [1][-]{section.2.3}{Ideals}{chapter.2}% 9
\BOOKMARK [1][-]{section.2.4}{Lattices and Minkowski}{chapter.2}% 10
\BOOKMARK [1][-]{section.2.5}{Minkowski theory}{chapter.2}% 11
\BOOKMARK [1][-]{section.2.6}{The class number}{chapter.2}% 12
\BOOKMARK [1][-]{section.2.7}{The theorem of Dirichlet}{chapter.2}% 13
\BOOKMARK [1][-]{section.2.8}{Prime ideals in OK}{chapter.2}% 14
\BOOKMARK [1][-]{section.2.9}{Hilbert's theorem of ramification}{chapter.2}% 15
\BOOKMARK [1][-]{section.2.10}{Cyclotomic Fields}{chapter.2}% 16
\BOOKMARK [0][-]{chapter.3}{Fermat's theorem for regular primes}{part.1}% 17
\BOOKMARK [1][-]{section.3.1}{The proof using a lemma of Kummer}{chapter.3}% 18
\BOOKMARK [0][-]{chapter.4}{Geometric aspects}{part.1}% 19
\BOOKMARK [1][-]{section.4.1}{Localisation}{chapter.4}% 20
\BOOKMARK [1][-]{section.4.2}{Affine Schemes \(Perspective}{chapter.4}% 21
\BOOKMARK [2][-]{subsection.4.2.1}{Classical affine varieties}{section.4.2}% 22
\BOOKMARK [1][-]{section.4.3}{Affine schemes and Dedekind domains}{chapter.4}% 23
\BOOKMARK [1][-]{section.4.4}{A \214general\215example}{chapter.4}% 24
\BOOKMARK [-1][-]{part.2}{Algebraische Zahlentheorie II}{}% 25
\BOOKMARK [0][-]{chapter.5}{Bewertungstheorie}{part.2}% 26
\BOOKMARK [1][-]{section.5.1}{Normierte K\366rper}{chapter.5}% 27
\BOOKMARK [1][-]{section.5.2}{Archimedische und nicht-archimedische Normen}{chapter.5}% 28
\BOOKMARK [1][-]{section.5.3}{Komplettierung}{chapter.5}% 29
\BOOKMARK [1][-]{section.5.4}{Projektive Limiten}{chapter.5}% 30
\BOOKMARK [1][-]{section.5.5}{Ganze p-adische Zahlen}{chapter.5}% 31
\BOOKMARK [1][-]{section.5.6}{Endliche Erweiterung von vollst\344ndigen K\366rpern}{chapter.5}% 32
\BOOKMARK [1][-]{section.5.7}{Lokale K\366rper}{chapter.5}% 33
\BOOKMARK [1][-]{section.5.8}{Henselsche K\366rper}{chapter.5}% 34
\BOOKMARK [1][-]{section.5.9}{Unverzweigte und zahm-verzweigte Erweiterungen}{chapter.5}% 35
\BOOKMARK [1][-]{section.5.10}{Fortsetzungen von Bewertungen}{chapter.5}% 36
\BOOKMARK [1][-]{section.5.11}{Komplexe p-adische Zahlen}{chapter.5}% 37
\BOOKMARK [0][-]{chapter.6}{Ein wenig Galois-Theorie}{part.2}% 38
\BOOKMARK [1][-]{section.6.1}{Unendliche Galois-Theorie}{chapter.6}% 39
\BOOKMARK [1][-]{section.6.2}{Galois-Theorie f\374r Bewertungen}{chapter.6}% 40
